<?xml version="1.0" encoding="UTF-8"?>

<mule 
	xmlns:sfdc="http://www.mulesoft.org/schema/mule/sfdc" 
	xmlns="http://www.mulesoft.org/schema/mule/core"
	xmlns:doc="http://www.mulesoft.org/schema/mule/documentation"
	xmlns:spring="http://www.springframework.org/schema/beans" 
	xmlns:xsi="http://www.w3.org/2001/XMLSchema-instance"
	xsi:schemaLocation="http://www.springframework.org/schema/beans http://www.springframework.org/schema/beans/spring-beans-current.xsd
http://www.mulesoft.org/schema/mule/core http://www.mulesoft.org/schema/mule/core/current/mule.xsd
http://www.mulesoft.org/schema/mule/sfdc http://www.mulesoft.org/schema/mule/sfdc/current/mule-sfdc.xsd">
	
	<sub-flow name="retrieveContactFromSalesforceFlow" doc:name="retrieveContactFromSalesforceFlow">

        <sfdc:query-single config-ref="Salesforce" query="SELECT Id, AccountID, Account.Name, FirstName, LastName FROM Contact WHERE FirstName = '#[payload[&quot;FirstName&quot;]]' and LastName = '#[payload[&quot;LastName&quot;]]'" doc:name="Salesforce" />
        <logger level="INFO" doc:name="Logger" message="Salesforce Contact retrieved: #[payload]"/>
    </sub-flow>
    <sub-flow name="deleteFromSalesforceFlow" doc:name="deleteFromSalesforceFlow">

        <sfdc:delete config-ref="Salesforce" doc:name="Salesforce">
            <sfdc:ids ref="#[payload]"/>
        </sfdc:delete>
        <logger message="Deleted Salesforce records: #[payload]" level="INFO" doc:name="Logger"/>
    </sub-flow>

</mule>